mode: set
github.com/hashicorp/cli/autocomplete.go:24.63,26.2 1 0
github.com/hashicorp/cli/autocomplete.go:28.65,30.2 1 0
github.com/hashicorp/cli/autocomplete.go:38.63,41.2 2 1
github.com/hashicorp/cli/autocomplete.go:43.65,46.2 2 1
github.com/hashicorp/cli/cli.go:153.39,161.2 1 1
github.com/hashicorp/cli/cli.go:165.29,168.2 2 1
github.com/hashicorp/cli/cli.go:172.32,175.2 2 1
github.com/hashicorp/cli/cli.go:178.34,185.49 2 1
github.com/hashicorp/cli/cli.go:185.49,187.3 1 1
github.com/hashicorp/cli/cli.go:190.2,190.38 1 1
github.com/hashicorp/cli/cli.go:190.38,191.73 1 0
github.com/hashicorp/cli/cli.go:191.73,193.4 1 0
github.com/hashicorp/cli/cli.go:194.3,194.16 1 0
github.com/hashicorp/cli/cli.go:198.2,198.40 1 1
github.com/hashicorp/cli/cli.go:198.40,199.106 1 1
github.com/hashicorp/cli/cli.go:199.106,201.4 1 0
github.com/hashicorp/cli/cli.go:202.3,202.16 1 1
github.com/hashicorp/cli/cli.go:206.2,206.20 1 1
github.com/hashicorp/cli/cli.go:206.20,209.19 1 1
github.com/hashicorp/cli/cli.go:209.19,212.4 1 1
github.com/hashicorp/cli/cli.go:215.3,215.59 1 1
github.com/hashicorp/cli/cli.go:215.59,219.4 1 1
github.com/hashicorp/cli/cli.go:222.3,222.30 1 1
github.com/hashicorp/cli/cli.go:222.30,223.66 1 1
github.com/hashicorp/cli/cli.go:223.66,225.5 1 0
github.com/hashicorp/cli/cli.go:227.4,227.17 1 1
github.com/hashicorp/cli/cli.go:230.3,230.32 1 1
github.com/hashicorp/cli/cli.go:230.32,231.68 1 1
github.com/hashicorp/cli/cli.go:231.68,233.5 1 0
github.com/hashicorp/cli/cli.go:235.4,235.17 1 1
github.com/hashicorp/cli/cli.go:241.2,242.9 2 1
github.com/hashicorp/cli/cli.go:242.9,243.113 1 1
github.com/hashicorp/cli/cli.go:243.113,245.4 1 0
github.com/hashicorp/cli/cli.go:246.3,246.18 1 1
github.com/hashicorp/cli/cli.go:249.2,250.16 2 1
github.com/hashicorp/cli/cli.go:250.16,252.3 1 0
github.com/hashicorp/cli/cli.go:255.2,255.16 1 1
github.com/hashicorp/cli/cli.go:255.16,258.3 2 1
github.com/hashicorp/cli/cli.go:261.2,261.25 1 1
github.com/hashicorp/cli/cli.go:261.25,266.17 3 1
github.com/hashicorp/cli/cli.go:266.17,268.4 1 0
github.com/hashicorp/cli/cli.go:269.3,269.16 1 1
github.com/hashicorp/cli/cli.go:272.2,273.27 2 1
github.com/hashicorp/cli/cli.go:273.27,277.3 2 1
github.com/hashicorp/cli/cli.go:279.2,279.18 1 1
github.com/hashicorp/cli/cli.go:285.35,288.2 2 1
github.com/hashicorp/cli/cli.go:292.41,295.2 2 1
github.com/hashicorp/cli/cli.go:299.41,302.15 2 1
github.com/hashicorp/cli/cli.go:302.15,304.3 1 1
github.com/hashicorp/cli/cli.go:307.2,310.15 3 1
github.com/hashicorp/cli/cli.go:310.15,313.3 1 1
github.com/hashicorp/cli/cli.go:315.2,315.18 1 0
github.com/hashicorp/cli/cli.go:318.22,319.23 1 1
github.com/hashicorp/cli/cli.go:319.23,322.19 2 1
github.com/hashicorp/cli/cli.go:322.19,324.4 1 1
github.com/hashicorp/cli/cli.go:327.2,327.25 1 1
github.com/hashicorp/cli/cli.go:327.25,329.3 1 1
github.com/hashicorp/cli/cli.go:330.2,330.26 1 1
github.com/hashicorp/cli/cli.go:330.26,332.3 1 1
github.com/hashicorp/cli/cli.go:335.2,335.31 1 1
github.com/hashicorp/cli/cli.go:335.31,337.38 2 1
github.com/hashicorp/cli/cli.go:337.38,339.4 1 1
github.com/hashicorp/cli/cli.go:343.2,345.31 3 1
github.com/hashicorp/cli/cli.go:345.31,348.35 3 1
github.com/hashicorp/cli/cli.go:348.35,350.4 1 1
github.com/hashicorp/cli/cli.go:354.2,354.21 1 1
github.com/hashicorp/cli/cli.go:354.21,357.49 3 1
github.com/hashicorp/cli/cli.go:357.49,359.17 2 1
github.com/hashicorp/cli/cli.go:359.17,362.5 1 1
github.com/hashicorp/cli/cli.go:365.4,366.41 2 1
github.com/hashicorp/cli/cli.go:366.41,369.5 1 1
github.com/hashicorp/cli/cli.go:372.4,375.25 2 1
github.com/hashicorp/cli/cli.go:379.3,382.27 2 1
github.com/hashicorp/cli/cli.go:382.27,383.51 1 1
github.com/hashicorp/cli/cli.go:383.51,388.5 1 1
github.com/hashicorp/cli/cli.go:390.4,390.30 1 1
github.com/hashicorp/cli/cli.go:397.2,397.20 1 1
github.com/hashicorp/cli/cli.go:397.20,399.3 1 1
github.com/hashicorp/cli/cli.go:402.2,402.17 1 1
github.com/hashicorp/cli/cli.go:405.34,406.33 1 1
github.com/hashicorp/cli/cli.go:406.33,408.3 1 1
github.com/hashicorp/cli/cli.go:410.2,410.35 1 1
github.com/hashicorp/cli/cli.go:410.35,412.3 1 1
github.com/hashicorp/cli/cli.go:414.2,414.36 1 1
github.com/hashicorp/cli/cli.go:414.36,416.3 1 1
github.com/hashicorp/cli/cli.go:422.2,424.32 3 1
github.com/hashicorp/cli/cli.go:424.32,426.3 1 1
github.com/hashicorp/cli/cli.go:429.2,433.35 2 1
github.com/hashicorp/cli/cli.go:433.35,440.3 1 1
github.com/hashicorp/cli/cli.go:441.2,443.44 2 1
github.com/hashicorp/cli/cli.go:449.67,451.49 2 1
github.com/hashicorp/cli/cli.go:451.49,453.14 1 1
github.com/hashicorp/cli/cli.go:453.14,455.4 1 0
github.com/hashicorp/cli/cli.go:458.3,460.22 2 1
github.com/hashicorp/cli/cli.go:460.22,464.4 1 1
github.com/hashicorp/cli/cli.go:466.3,466.45 1 1
github.com/hashicorp/cli/cli.go:466.45,471.4 1 1
github.com/hashicorp/cli/cli.go:473.3,473.30 1 1
github.com/hashicorp/cli/cli.go:473.30,476.4 1 1
github.com/hashicorp/cli/cli.go:479.3,479.44 1 1
github.com/hashicorp/cli/cli.go:479.44,481.4 1 1
github.com/hashicorp/cli/cli.go:483.3,483.21 1 1
github.com/hashicorp/cli/cli.go:483.21,485.4 1 1
github.com/hashicorp/cli/cli.go:486.3,493.17 3 1
github.com/hashicorp/cli/cli.go:493.17,495.4 1 0
github.com/hashicorp/cli/cli.go:498.3,498.46 1 1
github.com/hashicorp/cli/cli.go:498.46,501.4 2 1
github.com/hashicorp/cli/cli.go:503.3,504.15 2 1
github.com/hashicorp/cli/cli.go:507.2,508.22 2 1
github.com/hashicorp/cli/cli.go:508.22,510.3 1 1
github.com/hashicorp/cli/cli.go:512.2,513.12 2 1
github.com/hashicorp/cli/cli.go:516.59,519.48 2 1
github.com/hashicorp/cli/cli.go:519.48,521.3 1 1
github.com/hashicorp/cli/cli.go:522.2,522.35 1 1
github.com/hashicorp/cli/cli.go:522.35,524.3 1 1
github.com/hashicorp/cli/cli.go:527.2,528.16 2 1
github.com/hashicorp/cli/cli.go:528.16,531.3 1 0
github.com/hashicorp/cli/cli.go:534.2,542.21 3 1
github.com/hashicorp/cli/cli.go:542.21,546.30 3 1
github.com/hashicorp/cli/cli.go:546.30,548.4 1 1
github.com/hashicorp/cli/cli.go:551.3,555.26 3 1
github.com/hashicorp/cli/cli.go:555.26,556.32 1 1
github.com/hashicorp/cli/cli.go:556.32,558.5 1 1
github.com/hashicorp/cli/cli.go:562.3,563.26 2 1
github.com/hashicorp/cli/cli.go:563.26,566.11 2 1
github.com/hashicorp/cli/cli.go:566.11,570.5 1 0
github.com/hashicorp/cli/cli.go:571.4,572.18 2 1
github.com/hashicorp/cli/cli.go:572.18,575.5 1 0
github.com/hashicorp/cli/cli.go:578.4,579.50 2 1
github.com/hashicorp/cli/cli.go:579.50,581.5 1 1
github.com/hashicorp/cli/cli.go:583.4,588.6 1 1
github.com/hashicorp/cli/cli.go:591.2,595.16 3 1
github.com/hashicorp/cli/cli.go:595.16,597.3 1 1
github.com/hashicorp/cli/cli.go:600.2,601.46 1 0
github.com/hashicorp/cli/cli.go:606.69,608.50 1 1
github.com/hashicorp/cli/cli.go:608.50,610.3 1 1
github.com/hashicorp/cli/cli.go:613.2,614.72 2 1
github.com/hashicorp/cli/cli.go:614.72,616.46 1 1
github.com/hashicorp/cli/cli.go:616.46,618.4 1 1
github.com/hashicorp/cli/cli.go:620.3,620.15 1 1
github.com/hashicorp/cli/cli.go:624.2,625.25 2 1
github.com/hashicorp/cli/cli.go:625.25,627.10 2 1
github.com/hashicorp/cli/cli.go:627.10,629.28 1 0
github.com/hashicorp/cli/cli.go:633.3,633.38 1 1
github.com/hashicorp/cli/cli.go:633.38,634.12 1 1
github.com/hashicorp/cli/cli.go:637.3,637.35 1 1
github.com/hashicorp/cli/cli.go:640.2,640.15 1 1
github.com/hashicorp/cli/cli.go:643.29,644.29 1 1
github.com/hashicorp/cli/cli.go:644.29,645.18 1 1
github.com/hashicorp/cli/cli.go:645.18,646.9 1 1
github.com/hashicorp/cli/cli.go:650.3,650.55 1 1
github.com/hashicorp/cli/cli.go:650.55,652.12 2 1
github.com/hashicorp/cli/cli.go:656.3,656.21 1 1
github.com/hashicorp/cli/cli.go:656.21,657.77 1 1
github.com/hashicorp/cli/cli.go:657.77,659.13 2 1
github.com/hashicorp/cli/cli.go:662.4,662.81 1 1
github.com/hashicorp/cli/cli.go:662.81,664.13 2 1
github.com/hashicorp/cli/cli.go:668.3,668.25 1 1
github.com/hashicorp/cli/cli.go:668.25,670.62 1 1
github.com/hashicorp/cli/cli.go:670.62,672.13 2 1
github.com/hashicorp/cli/cli.go:675.4,675.34 1 1
github.com/hashicorp/cli/cli.go:675.34,678.5 1 1
github.com/hashicorp/cli/cli.go:683.3,683.55 1 1
github.com/hashicorp/cli/cli.go:683.55,685.23 2 1
github.com/hashicorp/cli/cli.go:685.23,688.39 1 1
github.com/hashicorp/cli/cli.go:688.39,691.6 2 1
github.com/hashicorp/cli/cli.go:698.5,699.34 2 1
github.com/hashicorp/cli/cli.go:699.34,700.64 1 1
github.com/hashicorp/cli/cli.go:700.64,701.12 1 1
github.com/hashicorp/cli/cli.go:704.6,704.19 1 1
github.com/hashicorp/cli/cli.go:709.5,711.11 3 1
github.com/hashicorp/cli/cli.go:711.11,717.41 2 1
github.com/hashicorp/cli/cli.go:717.41,720.7 2 1
github.com/hashicorp/cli/cli.go:725.4,725.35 1 1
github.com/hashicorp/cli/cli.go:731.2,731.24 1 1
github.com/hashicorp/cli/cli.go:731.24,732.34 1 1
github.com/hashicorp/cli/cli.go:732.34,737.4 4 1
github.com/hashicorp/cli/command_mock.go:24.37,26.2 1 1
github.com/hashicorp/cli/command_mock.go:28.46,33.2 3 1
github.com/hashicorp/cli/command_mock.go:35.41,37.2 1 1
github.com/hashicorp/cli/command_mock.go:48.73,50.2 1 1
github.com/hashicorp/cli/command_mock.go:52.70,54.2 1 1
github.com/hashicorp/cli/command_mock.go:64.57,66.2 1 1
github.com/hashicorp/cli/help.go:20.41,21.57 1 1
github.com/hashicorp/cli/help.go:21.57,32.29 6 1
github.com/hashicorp/cli/help.go:32.29,33.28 1 1
github.com/hashicorp/cli/help.go:33.28,35.5 1 1
github.com/hashicorp/cli/help.go:37.4,37.28 1 1
github.com/hashicorp/cli/help.go:39.3,41.28 2 1
github.com/hashicorp/cli/help.go:41.28,43.11 2 1
github.com/hashicorp/cli/help.go:43.11,46.39 1 0
github.com/hashicorp/cli/help.go:49.4,50.18 2 1
github.com/hashicorp/cli/help.go:50.18,53.13 2 0
github.com/hashicorp/cli/help.go:56.4,57.75 2 1
github.com/hashicorp/cli/help.go:60.3,60.22 1 1
github.com/hashicorp/cli/help.go:66.62,67.57 1 0
github.com/hashicorp/cli/help.go:67.57,69.29 2 0
github.com/hashicorp/cli/help.go:69.29,71.4 1 0
github.com/hashicorp/cli/help.go:73.3,74.30 2 0
github.com/hashicorp/cli/help.go:74.30,75.27 1 0
github.com/hashicorp/cli/help.go:75.27,77.5 1 0
github.com/hashicorp/cli/help.go:80.3,80.21 1 0
github.com/hashicorp/cli/ui.go:20.66,21.59 1 1
github.com/hashicorp/cli/ui.go:21.59,23.3 1 0
github.com/hashicorp/cli/ui.go:27.2,34.12 6 1
github.com/hashicorp/cli/ui.go:34.12,37.49 3 1
github.com/hashicorp/cli/ui.go:37.49,39.4 1 0
github.com/hashicorp/cli/ui.go:39.9,42.4 2 1
github.com/hashicorp/cli/ui.go:43.3,43.17 1 1
github.com/hashicorp/cli/ui.go:43.17,46.4 2 0
github.com/hashicorp/cli/ui.go:48.3,48.44 1 1
github.com/hashicorp/cli/ui.go:51.2,51.9 1 1
github.com/hashicorp/cli/ui.go:52.22,53.17 1 0
github.com/hashicorp/cli/ui.go:54.24,55.19 1 1
github.com/hashicorp/cli/ui.go:56.15,61.39 2 0
github.com/hashicorp/cli/ui_colored.go:43.55,45.2 1 0
github.com/hashicorp/cli/ui_colored.go:47.61,49.2 1 0
github.com/hashicorp/cli/ui_colored.go:51.44,53.2 1 0
github.com/hashicorp/cli/ui_colored.go:55.42,57.2 1 0
github.com/hashicorp/cli/ui_colored.go:59.43,61.2 1 0
github.com/hashicorp/cli/ui_colored.go:63.42,65.2 1 0
github.com/hashicorp/cli/ui_colored.go:67.65,68.24 1 0
github.com/hashicorp/cli/ui_colored.go:68.24,70.3 1 0
github.com/hashicorp/cli/ui_colored.go:72.2,73.13 2 0
github.com/hashicorp/cli/ui_colored.go:73.13,75.3 1 0
github.com/hashicorp/cli/ui_colored.go:77.2,77.49 1 0
github.com/hashicorp/cli/ui_common.go:46.53,48.2 1 1
github.com/hashicorp/cli/ui_common.go:50.59,52.2 1 1
github.com/hashicorp/cli/ui_common.go:54.41,56.26 2 1
github.com/hashicorp/cli/ui_common.go:56.26,58.3 1 1
github.com/hashicorp/cli/ui_common.go:60.2,61.21 2 1
github.com/hashicorp/cli/ui_common.go:64.40,66.2 1 0
github.com/hashicorp/cli/ui_common.go:68.42,71.2 2 1
github.com/hashicorp/cli/ui_common.go:73.40,75.2 1 1
github.com/hashicorp/cli/ui_common.go:88.56,89.17 1 0
github.com/hashicorp/cli/ui_common.go:89.17,91.3 1 0
github.com/hashicorp/cli/ui_common.go:93.2,93.24 1 0
github.com/hashicorp/cli/ui_common.go:96.62,97.17 1 0
github.com/hashicorp/cli/ui_common.go:97.17,99.3 1 0
github.com/hashicorp/cli/ui_common.go:101.2,101.30 1 0
github.com/hashicorp/cli/ui_common.go:104.44,105.19 1 1
github.com/hashicorp/cli/ui_common.go:105.19,107.3 1 1
github.com/hashicorp/cli/ui_common.go:109.2,109.21 1 1
github.com/hashicorp/cli/ui_common.go:112.43,113.19 1 1
github.com/hashicorp/cli/ui_common.go:113.19,115.3 1 1
github.com/hashicorp/cli/ui_common.go:117.2,117.20 1 1
github.com/hashicorp/cli/ui_common.go:120.45,121.19 1 1
github.com/hashicorp/cli/ui_common.go:121.19,123.3 1 1
github.com/hashicorp/cli/ui_common.go:125.2,125.22 1 1
github.com/hashicorp/cli/ui_common.go:128.43,129.19 1 1
github.com/hashicorp/cli/ui_common.go:129.19,131.3 1 1
github.com/hashicorp/cli/ui_common.go:133.2,133.20 1 1
github.com/hashicorp/cli/ui_concurrent.go:17.58,22.2 3 0
github.com/hashicorp/cli/ui_concurrent.go:24.64,29.2 3 0
github.com/hashicorp/cli/ui_concurrent.go:31.46,36.2 3 0
github.com/hashicorp/cli/ui_concurrent.go:38.45,43.2 3 0
github.com/hashicorp/cli/ui_concurrent.go:45.47,50.2 3 0
github.com/hashicorp/cli/ui_concurrent.go:52.45,57.2 3 0
github.com/hashicorp/cli/ui_mock.go:17.26,21.2 3 0
github.com/hashicorp/cli/ui_mock.go:38.52,45.16 6 1
github.com/hashicorp/cli/ui_mock.go:45.16,47.3 1 0
github.com/hashicorp/cli/ui_mock.go:48.2,50.20 2 1
github.com/hashicorp/cli/ui_mock.go:53.58,55.2 1 0
github.com/hashicorp/cli/ui_mock.go:57.40,62.2 3 1
github.com/hashicorp/cli/ui_mock.go:64.39,66.2 1 1
github.com/hashicorp/cli/ui_mock.go:68.41,73.2 3 1
github.com/hashicorp/cli/ui_mock.go:75.39,80.2 3 1
github.com/hashicorp/cli/ui_mock.go:82.25,85.2 2 1
github.com/hashicorp/cli/ui_mock.go:92.54,96.2 3 1
github.com/hashicorp/cli/ui_mock.go:98.53,102.2 3 0
github.com/hashicorp/cli/ui_mock.go:104.30,108.2 3 0
github.com/hashicorp/cli/ui_mock.go:110.38,112.2 1 1
github.com/hashicorp/cli/ui_mock.go:114.37,119.2 4 1
github.com/hashicorp/cli/ui_writer.go:13.55,15.29 2 1
github.com/hashicorp/cli/ui_writer.go:15.29,17.3 1 1
github.com/hashicorp/cli/ui_writer.go:19.2,20.15 2 1
