mode: set
github.com/hashicorp/copywrite/addlicense/main.go:66.13,67.22 1 1
github.com/hashicorp/copywrite/addlicense/main.go:67.22,70.3 2 0
github.com/hashicorp/copywrite/addlicense/main.go:71.2,73.113 3 1
github.com/hashicorp/copywrite/addlicense/main.go:79.39,81.2 1 1
github.com/hashicorp/copywrite/addlicense/main.go:83.47,86.2 2 0
github.com/hashicorp/copywrite/addlicense/main.go:99.38,99.53 1 0
github.com/hashicorp/copywrite/addlicense/main.go:100.38,100.59 1 1
github.com/hashicorp/copywrite/addlicense/main.go:102.44,104.34 2 0
github.com/hashicorp/copywrite/addlicense/main.go:104.34,106.3 1 0
github.com/hashicorp/copywrite/addlicense/main.go:107.2,108.12 2 0
github.com/hashicorp/copywrite/addlicense/main.go:111.13,113.22 2 0
github.com/hashicorp/copywrite/addlicense/main.go:113.22,116.3 2 0
github.com/hashicorp/copywrite/addlicense/main.go:119.2,122.39 2 0
github.com/hashicorp/copywrite/addlicense/main.go:122.39,124.3 1 0
github.com/hashicorp/copywrite/addlicense/main.go:127.2,127.47 1 0
github.com/hashicorp/copywrite/addlicense/main.go:127.47,129.3 1 0
github.com/hashicorp/copywrite/addlicense/main.go:131.2,152.16 4 0
github.com/hashicorp/copywrite/addlicense/main.go:152.16,153.46 1 0
github.com/hashicorp/copywrite/addlicense/main.go:153.46,157.4 1 0
github.com/hashicorp/copywrite/addlicense/main.go:157.9,159.4 1 0
github.com/hashicorp/copywrite/addlicense/main.go:163.48,165.29 2 0
github.com/hashicorp/copywrite/addlicense/main.go:165.29,166.37 1 0
github.com/hashicorp/copywrite/addlicense/main.go:166.37,168.4 1 0
github.com/hashicorp/copywrite/addlicense/main.go:171.2,171.31 1 0
github.com/hashicorp/copywrite/addlicense/main.go:171.31,173.3 1 0
github.com/hashicorp/copywrite/addlicense/main.go:173.8,173.37 1 0
github.com/hashicorp/copywrite/addlicense/main.go:173.37,175.3 1 0
github.com/hashicorp/copywrite/addlicense/main.go:177.2,177.12 1 0
github.com/hashicorp/copywrite/addlicense/main.go:190.9,193.16 2 0
github.com/hashicorp/copywrite/addlicense/main.go:193.16,195.3 1 0
github.com/hashicorp/copywrite/addlicense/main.go:196.2,199.16 3 0
github.com/hashicorp/copywrite/addlicense/main.go:199.16,201.3 1 0
github.com/hashicorp/copywrite/addlicense/main.go:202.2,203.16 2 0
github.com/hashicorp/copywrite/addlicense/main.go:203.16,205.3 1 0
github.com/hashicorp/copywrite/addlicense/main.go:208.2,211.12 4 0
github.com/hashicorp/copywrite/addlicense/main.go:211.12,213.21 2 0
github.com/hashicorp/copywrite/addlicense/main.go:213.21,215.23 2 0
github.com/hashicorp/copywrite/addlicense/main.go:215.23,218.5 2 0
github.com/hashicorp/copywrite/addlicense/main.go:220.3,221.14 2 0
github.com/hashicorp/copywrite/addlicense/main.go:224.2,224.29 1 0
github.com/hashicorp/copywrite/addlicense/main.go:224.29,225.45 1 0
github.com/hashicorp/copywrite/addlicense/main.go:225.45,227.4 1 0
github.com/hashicorp/copywrite/addlicense/main.go:229.2,232.12 3 0
github.com/hashicorp/copywrite/addlicense/main.go:235.126,236.15 1 0
github.com/hashicorp/copywrite/addlicense/main.go:236.15,239.17 2 0
github.com/hashicorp/copywrite/addlicense/main.go:239.17,242.4 2 0
github.com/hashicorp/copywrite/addlicense/main.go:243.3,243.17 1 0
github.com/hashicorp/copywrite/addlicense/main.go:243.17,245.4 1 0
github.com/hashicorp/copywrite/addlicense/main.go:247.3,248.17 2 0
github.com/hashicorp/copywrite/addlicense/main.go:248.17,251.4 2 0
github.com/hashicorp/copywrite/addlicense/main.go:252.3,252.18 1 0
github.com/hashicorp/copywrite/addlicense/main.go:252.18,255.4 2 0
github.com/hashicorp/copywrite/addlicense/main.go:256.8,258.17 2 0
github.com/hashicorp/copywrite/addlicense/main.go:258.17,261.4 2 0
github.com/hashicorp/copywrite/addlicense/main.go:262.3,262.26 1 0
github.com/hashicorp/copywrite/addlicense/main.go:262.26,264.4 1 0
github.com/hashicorp/copywrite/addlicense/main.go:266.2,266.12 1 0
github.com/hashicorp/copywrite/addlicense/main.go:274.68,275.81 1 0
github.com/hashicorp/copywrite/addlicense/main.go:275.81,276.17 1 0
github.com/hashicorp/copywrite/addlicense/main.go:276.17,279.4 2 0
github.com/hashicorp/copywrite/addlicense/main.go:280.3,280.17 1 0
github.com/hashicorp/copywrite/addlicense/main.go:280.17,282.4 1 0
github.com/hashicorp/copywrite/addlicense/main.go:283.3,283.40 1 0
github.com/hashicorp/copywrite/addlicense/main.go:283.40,287.4 2 0
github.com/hashicorp/copywrite/addlicense/main.go:288.3,289.13 2 0
github.com/hashicorp/copywrite/addlicense/main.go:295.55,296.29 1 1
github.com/hashicorp/copywrite/addlicense/main.go:296.29,298.32 1 1
github.com/hashicorp/copywrite/addlicense/main.go:298.32,302.4 1 0
github.com/hashicorp/copywrite/addlicense/main.go:305.3,305.51 1 1
github.com/hashicorp/copywrite/addlicense/main.go:305.51,307.4 1 1
github.com/hashicorp/copywrite/addlicense/main.go:309.2,309.14 1 1
github.com/hashicorp/copywrite/addlicense/main.go:315.106,319.30 4 1
github.com/hashicorp/copywrite/addlicense/main.go:319.30,321.3 1 0
github.com/hashicorp/copywrite/addlicense/main.go:323.2,324.16 2 1
github.com/hashicorp/copywrite/addlicense/main.go:324.16,326.3 1 0
github.com/hashicorp/copywrite/addlicense/main.go:327.2,327.37 1 1
github.com/hashicorp/copywrite/addlicense/main.go:327.37,329.3 1 1
github.com/hashicorp/copywrite/addlicense/main.go:331.2,332.19 2 1
github.com/hashicorp/copywrite/addlicense/main.go:332.19,334.32 2 1
github.com/hashicorp/copywrite/addlicense/main.go:334.32,336.4 1 0
github.com/hashicorp/copywrite/addlicense/main.go:337.3,337.29 1 1
github.com/hashicorp/copywrite/addlicense/main.go:339.2,340.43 2 1
github.com/hashicorp/copywrite/addlicense/main.go:344.48,346.16 2 0
github.com/hashicorp/copywrite/addlicense/main.go:346.16,348.3 1 0
github.com/hashicorp/copywrite/addlicense/main.go:350.2,350.45 1 0
github.com/hashicorp/copywrite/addlicense/main.go:356.92,361.29 4 1
github.com/hashicorp/copywrite/addlicense/main.go:362.59,363.61 1 1
github.com/hashicorp/copywrite/addlicense/main.go:364.94,365.62 1 1
github.com/hashicorp/copywrite/addlicense/main.go:366.130,367.56 1 1
github.com/hashicorp/copywrite/addlicense/main.go:368.223,369.55 1 1
github.com/hashicorp/copywrite/addlicense/main.go:370.22,371.56 1 1
github.com/hashicorp/copywrite/addlicense/main.go:372.14,373.55 1 1
github.com/hashicorp/copywrite/addlicense/main.go:374.29,375.56 1 1
github.com/hashicorp/copywrite/addlicense/main.go:376.14,377.60 1 1
github.com/hashicorp/copywrite/addlicense/main.go:378.63,379.61 1 1
github.com/hashicorp/copywrite/addlicense/main.go:380.14,381.56 1 1
github.com/hashicorp/copywrite/addlicense/main.go:382.37,383.61 1 1
github.com/hashicorp/copywrite/addlicense/main.go:384.14,385.63 1 1
github.com/hashicorp/copywrite/addlicense/main.go:386.10,388.108 1 1
github.com/hashicorp/copywrite/addlicense/main.go:388.108,390.4 1 1
github.com/hashicorp/copywrite/addlicense/main.go:392.2,392.17 1 1
github.com/hashicorp/copywrite/addlicense/main.go:397.40,398.38 1 1
github.com/hashicorp/copywrite/addlicense/main.go:398.38,400.3 1 1
github.com/hashicorp/copywrite/addlicense/main.go:401.2,401.13 1 1
github.com/hashicorp/copywrite/addlicense/main.go:427.49,430.29 3 1
github.com/hashicorp/copywrite/addlicense/main.go:431.19,432.38 1 0
github.com/hashicorp/copywrite/addlicense/main.go:433.10,434.28 1 1
github.com/hashicorp/copywrite/addlicense/main.go:437.2,437.33 1 1
github.com/hashicorp/copywrite/addlicense/main.go:437.33,440.21 3 0
github.com/hashicorp/copywrite/addlicense/main.go:440.21,442.4 1 0
github.com/hashicorp/copywrite/addlicense/main.go:444.2,444.17 1 1
github.com/hashicorp/copywrite/addlicense/main.go:447.45,451.19 3 1
github.com/hashicorp/copywrite/addlicense/main.go:451.19,453.3 1 0
github.com/hashicorp/copywrite/addlicense/main.go:455.2,455.22 1 1
github.com/hashicorp/copywrite/addlicense/main.go:455.22,457.16 2 1
github.com/hashicorp/copywrite/addlicense/main.go:457.16,458.9 1 1
github.com/hashicorp/copywrite/addlicense/main.go:461.2,462.25 2 1
github.com/hashicorp/copywrite/addlicense/main.go:462.25,463.34 1 1
github.com/hashicorp/copywrite/addlicense/main.go:463.34,465.4 1 1
github.com/hashicorp/copywrite/addlicense/main.go:468.2,468.12 1 1
github.com/hashicorp/copywrite/addlicense/main.go:482.33,484.2 1 1
github.com/hashicorp/copywrite/addlicense/main.go:486.32,488.19 2 1
github.com/hashicorp/copywrite/addlicense/main.go:488.19,490.3 1 1
github.com/hashicorp/copywrite/addlicense/main.go:491.2,493.74 1 1
github.com/hashicorp/copywrite/addlicense/spdx.go:1871.32,1872.28 1 1
github.com/hashicorp/copywrite/addlicense/spdx.go:1872.28,1873.14 1 1
github.com/hashicorp/copywrite/addlicense/spdx.go:1873.14,1875.4 1 1
github.com/hashicorp/copywrite/addlicense/spdx.go:1877.2,1877.14 1 1
github.com/hashicorp/copywrite/addlicense/tmpl.go:53.88,55.22 2 1
github.com/hashicorp/copywrite/addlicense/tmpl.go:55.22,57.3 1 1
github.com/hashicorp/copywrite/addlicense/tmpl.go:57.8,57.31 1 1
github.com/hashicorp/copywrite/addlicense/tmpl.go:57.31,59.17 2 1
github.com/hashicorp/copywrite/addlicense/tmpl.go:59.17,61.4 1 1
github.com/hashicorp/copywrite/addlicense/tmpl.go:63.3,63.16 1 1
github.com/hashicorp/copywrite/addlicense/tmpl.go:64.8,66.14 2 1
github.com/hashicorp/copywrite/addlicense/tmpl.go:66.14,67.22 1 1
github.com/hashicorp/copywrite/addlicense/tmpl.go:67.22,70.5 1 0
github.com/hashicorp/copywrite/addlicense/tmpl.go:70.10,74.5 1 1
github.com/hashicorp/copywrite/addlicense/tmpl.go:75.9,75.28 1 1
github.com/hashicorp/copywrite/addlicense/tmpl.go:75.28,78.4 1 1
github.com/hashicorp/copywrite/addlicense/tmpl.go:81.2,81.15 1 1
github.com/hashicorp/copywrite/addlicense/tmpl.go:86.97,88.43 2 1
github.com/hashicorp/copywrite/addlicense/tmpl.go:88.43,90.3 1 0
github.com/hashicorp/copywrite/addlicense/tmpl.go:91.2,92.15 2 1
github.com/hashicorp/copywrite/addlicense/tmpl.go:92.15,94.3 1 1
github.com/hashicorp/copywrite/addlicense/tmpl.go:95.2,96.15 2 1
github.com/hashicorp/copywrite/addlicense/tmpl.go:96.15,98.3 1 1
github.com/hashicorp/copywrite/addlicense/tmpl.go:99.2,99.15 1 1
github.com/hashicorp/copywrite/addlicense/tmpl.go:99.15,101.3 1 1
github.com/hashicorp/copywrite/addlicense/tmpl.go:102.2,103.25 2 1
github.com/hashicorp/copywrite/main.go:11.13,19.2 3 0
github.com/hashicorp/copywrite/github/client.go:40.41,42.2 1 0
github.com/hashicorp/copywrite/github/client.go:46.56,52.16 4 0
github.com/hashicorp/copywrite/github/client.go:52.16,54.3 1 0
github.com/hashicorp/copywrite/github/client.go:58.2,59.16 2 0
github.com/hashicorp/copywrite/github/client.go:59.16,61.3 1 0
github.com/hashicorp/copywrite/github/client.go:63.2,67.56 4 0
github.com/hashicorp/copywrite/github/client.go:67.56,69.3 1 0
github.com/hashicorp/copywrite/github/client.go:72.2,73.32 2 0
github.com/hashicorp/copywrite/github/client.go:79.55,87.16 4 0
github.com/hashicorp/copywrite/github/client.go:87.16,89.3 1 0
github.com/hashicorp/copywrite/github/client.go:100.2,101.16 2 0
github.com/hashicorp/copywrite/github/client.go:101.16,104.3 2 0
github.com/hashicorp/copywrite/github/client.go:107.2,108.17 2 0
github.com/hashicorp/copywrite/github/client.go:108.17,110.3 1 0
github.com/hashicorp/copywrite/github/client.go:112.2,113.18 2 0
github.com/hashicorp/copywrite/github/client.go:117.30,126.44 3 0
github.com/hashicorp/copywrite/github/client.go:126.44,128.17 2 0
github.com/hashicorp/copywrite/github/client.go:128.17,130.4 1 0
github.com/hashicorp/copywrite/github/client.go:132.3,134.31 3 0
github.com/hashicorp/copywrite/github/client.go:140.2,140.59 1 0
github.com/hashicorp/copywrite/github/client.go:140.59,148.3 4 0
github.com/hashicorp/copywrite/github/client.go:152.2,152.51 1 0
github.com/hashicorp/copywrite/github/client.go:152.51,160.3 4 0
github.com/hashicorp/copywrite/github/client.go:164.2,165.45 2 0
github.com/hashicorp/copywrite/github/repo.go:26.37,28.16 2 0
github.com/hashicorp/copywrite/github/repo.go:28.16,30.3 1 0
github.com/hashicorp/copywrite/github/repo.go:32.2,35.8 1 0
github.com/hashicorp/copywrite/github/repo.go:47.75,49.16 2 0
github.com/hashicorp/copywrite/github/repo.go:49.16,51.3 1 0
github.com/hashicorp/copywrite/github/repo.go:53.2,54.15 2 0
github.com/hashicorp/copywrite/github/repo.go:54.15,56.3 1 0
github.com/hashicorp/copywrite/github/repo.go:58.2,58.18 1 0
github.com/hashicorp/copywrite/dispatch/dispatch.go:38.89,40.32 1 0
github.com/hashicorp/copywrite/dispatch/dispatch.go:40.32,42.3 1 0
github.com/hashicorp/copywrite/dispatch/dispatch.go:44.2,44.40 1 0
github.com/hashicorp/copywrite/dispatch/dispatch.go:44.40,49.17 4 0
github.com/hashicorp/copywrite/dispatch/dispatch.go:49.17,51.4 1 0
github.com/hashicorp/copywrite/dispatch/dispatch.go:53.3,53.23 1 0
github.com/hashicorp/copywrite/dispatch/dispatch.go:54.20,55.14 1 0
github.com/hashicorp/copywrite/dispatch/dispatch.go:56.17,56.17 0 0
github.com/hashicorp/copywrite/dispatch/dispatch.go:58.22,58.22 0 0
github.com/hashicorp/copywrite/dispatch/dispatch.go:60.11,61.94 1 0
github.com/hashicorp/copywrite/dispatch/dispatch.go:65.2,65.57 1 0
github.com/hashicorp/copywrite/dispatch/dispatch.go:76.95,83.40 2 0
github.com/hashicorp/copywrite/dispatch/dispatch.go:83.40,87.17 3 0
github.com/hashicorp/copywrite/dispatch/dispatch.go:87.17,90.4 1 0
github.com/hashicorp/copywrite/dispatch/dispatch.go:92.3,92.39 1 0
github.com/hashicorp/copywrite/dispatch/dispatch.go:92.39,93.26 1 0
github.com/hashicorp/copywrite/dispatch/dispatch.go:93.26,95.5 1 0
github.com/hashicorp/copywrite/dispatch/dispatch.go:98.3,98.68 1 0
github.com/hashicorp/copywrite/dispatch/dispatch.go:100.2,100.79 1 0
github.com/hashicorp/copywrite/dispatch/dispatch.go:110.101,111.25 1 0
github.com/hashicorp/copywrite/dispatch/dispatch.go:111.25,133.17 6 0
github.com/hashicorp/copywrite/dispatch/dispatch.go:133.17,140.12 3 0
github.com/hashicorp/copywrite/dispatch/dispatch.go:146.3,147.17 2 0
github.com/hashicorp/copywrite/dispatch/dispatch.go:147.17,154.12 3 0
github.com/hashicorp/copywrite/dispatch/dispatch.go:159.3,160.17 2 0
github.com/hashicorp/copywrite/dispatch/dispatch.go:160.17,167.12 3 0
github.com/hashicorp/copywrite/dispatch/dispatch.go:171.3,176.4 2 0
github.com/hashicorp/copywrite/cmd/debug.go:27.50,29.21 1 0
github.com/hashicorp/copywrite/cmd/debug.go:29.21,32.4 2 0
github.com/hashicorp/copywrite/cmd/debug.go:35.3,35.34 1 0
github.com/hashicorp/copywrite/cmd/debug.go:37.47,38.27 1 0
github.com/hashicorp/copywrite/cmd/debug.go:38.27,41.4 2 0
github.com/hashicorp/copywrite/cmd/debug.go:46.3,54.21 5 0
github.com/hashicorp/copywrite/cmd/debug.go:54.21,56.4 1 0
github.com/hashicorp/copywrite/cmd/debug.go:57.3,66.42 6 0
github.com/hashicorp/copywrite/cmd/debug.go:66.42,68.4 1 0
github.com/hashicorp/copywrite/cmd/debug.go:68.9,70.4 1 0
github.com/hashicorp/copywrite/cmd/debug.go:75.3,83.18 5 0
github.com/hashicorp/copywrite/cmd/debug.go:83.18,85.4 1 0
github.com/hashicorp/copywrite/cmd/debug.go:85.9,87.4 1 0
github.com/hashicorp/copywrite/cmd/debug.go:92.3,94.17 3 0
github.com/hashicorp/copywrite/cmd/debug.go:94.17,96.4 1 0
github.com/hashicorp/copywrite/cmd/debug.go:96.9,99.4 2 0
github.com/hashicorp/copywrite/cmd/debug.go:100.3,113.134 8 0
github.com/hashicorp/copywrite/cmd/debug.go:117.13,122.2 2 1
github.com/hashicorp/copywrite/cmd/dispatch.go:23.50,38.17 4 0
github.com/hashicorp/copywrite/cmd/dispatch.go:38.17,40.4 1 0
github.com/hashicorp/copywrite/cmd/dispatch.go:41.3,44.34 2 0
github.com/hashicorp/copywrite/cmd/dispatch.go:44.34,47.4 2 0
github.com/hashicorp/copywrite/cmd/dispatch.go:49.47,59.42 5 0
github.com/hashicorp/copywrite/cmd/dispatch.go:59.42,61.49 2 0
github.com/hashicorp/copywrite/cmd/dispatch.go:61.49,63.5 1 0
github.com/hashicorp/copywrite/cmd/dispatch.go:64.4,67.80 2 0
github.com/hashicorp/copywrite/cmd/dispatch.go:67.80,70.5 2 0
github.com/hashicorp/copywrite/cmd/dispatch.go:73.3,76.11 3 0
github.com/hashicorp/copywrite/cmd/dispatch.go:76.11,78.34 2 0
github.com/hashicorp/copywrite/cmd/dispatch.go:78.34,80.5 1 0
github.com/hashicorp/copywrite/cmd/dispatch.go:81.4,82.10 2 0
github.com/hashicorp/copywrite/cmd/dispatch.go:87.3,106.47 7 0
github.com/hashicorp/copywrite/cmd/dispatch.go:106.47,108.4 1 0
github.com/hashicorp/copywrite/cmd/dispatch.go:111.3,111.33 1 0
github.com/hashicorp/copywrite/cmd/dispatch.go:111.33,113.4 1 0
github.com/hashicorp/copywrite/cmd/dispatch.go:117.3,121.33 3 0
github.com/hashicorp/copywrite/cmd/dispatch.go:121.33,123.23 2 0
github.com/hashicorp/copywrite/cmd/dispatch.go:123.23,125.5 1 0
github.com/hashicorp/copywrite/cmd/dispatch.go:128.3,128.24 1 0
github.com/hashicorp/copywrite/cmd/dispatch.go:128.24,130.31 2 0
github.com/hashicorp/copywrite/cmd/dispatch.go:130.31,132.5 1 0
github.com/hashicorp/copywrite/cmd/dispatch.go:138.13,150.2 9 1
github.com/hashicorp/copywrite/cmd/headers.go:33.50,35.21 1 0
github.com/hashicorp/copywrite/cmd/headers.go:35.21,38.4 2 0
github.com/hashicorp/copywrite/cmd/headers.go:41.3,49.17 4 0
github.com/hashicorp/copywrite/cmd/headers.go:49.17,51.4 1 0
github.com/hashicorp/copywrite/cmd/headers.go:52.3,56.49 3 0
github.com/hashicorp/copywrite/cmd/headers.go:56.49,60.4 3 0
github.com/hashicorp/copywrite/cmd/headers.go:62.47,63.11 1 0
github.com/hashicorp/copywrite/cmd/headers.go:63.11,65.4 1 0
github.com/hashicorp/copywrite/cmd/headers.go:67.3,67.33 1 0
github.com/hashicorp/copywrite/cmd/headers.go:67.33,69.4 1 0
github.com/hashicorp/copywrite/cmd/headers.go:69.9,71.4 1 0
github.com/hashicorp/copywrite/cmd/headers.go:72.3,74.42 2 0
github.com/hashicorp/copywrite/cmd/headers.go:74.42,76.4 1 0
github.com/hashicorp/copywrite/cmd/headers.go:76.9,78.48 2 0
github.com/hashicorp/copywrite/cmd/headers.go:78.48,80.5 1 0
github.com/hashicorp/copywrite/cmd/headers.go:81.4,81.18 1 0
github.com/hashicorp/copywrite/cmd/headers.go:83.3,119.22 10 0
github.com/hashicorp/copywrite/cmd/headers.go:123.13,133.2 5 1
github.com/hashicorp/copywrite/cmd/init.go:41.50,44.48 2 0
github.com/hashicorp/copywrite/cmd/init.go:44.48,46.4 1 0
github.com/hashicorp/copywrite/cmd/init.go:49.3,52.48 3 0
github.com/hashicorp/copywrite/cmd/init.go:52.48,55.4 2 0
github.com/hashicorp/copywrite/cmd/init.go:57.47,75.53 7 0
github.com/hashicorp/copywrite/cmd/init.go:75.53,78.18 3 0
github.com/hashicorp/copywrite/cmd/init.go:78.18,81.37 2 0
github.com/hashicorp/copywrite/cmd/init.go:81.37,83.6 1 0
github.com/hashicorp/copywrite/cmd/init.go:86.5,86.37 1 0
github.com/hashicorp/copywrite/cmd/init.go:86.37,89.6 2 0
github.com/hashicorp/copywrite/cmd/init.go:94.3,94.74 1 0
github.com/hashicorp/copywrite/cmd/init.go:94.74,97.4 2 0
github.com/hashicorp/copywrite/cmd/init.go:97.9,99.4 1 0
github.com/hashicorp/copywrite/cmd/init.go:102.3,111.54 8 0
github.com/hashicorp/copywrite/cmd/init.go:115.13,123.2 4 1
github.com/hashicorp/copywrite/cmd/init.go:131.55,147.16 2 0
github.com/hashicorp/copywrite/cmd/init.go:147.16,149.3 1 0
github.com/hashicorp/copywrite/cmd/init.go:151.2,152.16 2 0
github.com/hashicorp/copywrite/cmd/init.go:152.16,154.3 1 0
github.com/hashicorp/copywrite/cmd/init.go:156.2,156.12 1 0
github.com/hashicorp/copywrite/cmd/init.go:162.52,176.55 4 0
github.com/hashicorp/copywrite/cmd/init.go:176.55,177.19 1 0
github.com/hashicorp/copywrite/cmd/init.go:178.25,179.41 1 0
github.com/hashicorp/copywrite/cmd/init.go:181.29,182.36 1 0
github.com/hashicorp/copywrite/cmd/init.go:183.21,184.50 1 0
github.com/hashicorp/copywrite/cmd/init.go:185.14,186.16 1 0
github.com/hashicorp/copywrite/cmd/init.go:198.42,200.19 2 0
github.com/hashicorp/copywrite/cmd/init.go:200.19,202.6 1 0
github.com/hashicorp/copywrite/cmd/init.go:205.5,207.35 3 0
github.com/hashicorp/copywrite/cmd/init.go:207.35,209.6 1 0
github.com/hashicorp/copywrite/cmd/init.go:211.5,211.15 1 0
github.com/hashicorp/copywrite/cmd/init.go:216.2,223.16 3 0
github.com/hashicorp/copywrite/cmd/init.go:223.16,225.3 1 0
github.com/hashicorp/copywrite/cmd/init.go:227.2,230.12 3 0
github.com/hashicorp/copywrite/cmd/license.go:33.50,47.38 5 0
github.com/hashicorp/copywrite/cmd/license.go:47.38,52.18 4 0
github.com/hashicorp/copywrite/cmd/license.go:52.18,54.5 1 0
github.com/hashicorp/copywrite/cmd/license.go:56.4,58.18 3 0
github.com/hashicorp/copywrite/cmd/license.go:58.18,60.5 1 0
github.com/hashicorp/copywrite/cmd/license.go:61.4,61.37 1 0
github.com/hashicorp/copywrite/cmd/license.go:64.47,73.17 6 0
github.com/hashicorp/copywrite/cmd/license.go:73.17,75.4 1 0
github.com/hashicorp/copywrite/cmd/license.go:76.3,80.28 3 0
github.com/hashicorp/copywrite/cmd/license.go:80.28,85.4 4 0
github.com/hashicorp/copywrite/cmd/license.go:87.3,87.29 1 0
github.com/hashicorp/copywrite/cmd/license.go:87.29,88.12 1 0
github.com/hashicorp/copywrite/cmd/license.go:88.12,90.5 1 0
github.com/hashicorp/copywrite/cmd/license.go:92.4,94.18 3 0
github.com/hashicorp/copywrite/cmd/license.go:94.18,96.5 1 0
github.com/hashicorp/copywrite/cmd/license.go:97.4,98.15 2 0
github.com/hashicorp/copywrite/cmd/license.go:101.3,101.29 1 0
github.com/hashicorp/copywrite/cmd/license.go:101.29,103.4 1 0
github.com/hashicorp/copywrite/cmd/license.go:108.3,108.11 1 0
github.com/hashicorp/copywrite/cmd/license.go:108.11,111.27 3 0
github.com/hashicorp/copywrite/cmd/license.go:111.27,115.5 3 0
github.com/hashicorp/copywrite/cmd/license.go:115.10,117.5 1 0
github.com/hashicorp/copywrite/cmd/license.go:118.9,120.18 2 0
github.com/hashicorp/copywrite/cmd/license.go:120.18,122.5 1 0
github.com/hashicorp/copywrite/cmd/license.go:123.4,123.23 1 0
github.com/hashicorp/copywrite/cmd/license.go:129.3,132.17 3 0
github.com/hashicorp/copywrite/cmd/license.go:132.17,134.4 1 0
github.com/hashicorp/copywrite/cmd/license.go:135.3,138.17 3 0
github.com/hashicorp/copywrite/cmd/license.go:138.17,140.4 1 0
github.com/hashicorp/copywrite/cmd/license.go:141.3,143.19 2 0
github.com/hashicorp/copywrite/cmd/license.go:143.19,144.25 1 0
github.com/hashicorp/copywrite/cmd/license.go:144.25,146.5 1 0
github.com/hashicorp/copywrite/cmd/license.go:146.10,150.5 3 0
github.com/hashicorp/copywrite/cmd/license.go:151.9,152.12 1 0
github.com/hashicorp/copywrite/cmd/license.go:152.12,154.5 1 0
github.com/hashicorp/copywrite/cmd/license.go:156.4,158.18 3 0
github.com/hashicorp/copywrite/cmd/license.go:158.18,160.5 1 0
github.com/hashicorp/copywrite/cmd/license.go:161.4,161.23 1 0
github.com/hashicorp/copywrite/cmd/license.go:166.13,178.2 6 1
github.com/hashicorp/copywrite/cmd/report.go:19.13,21.2 1 1
github.com/hashicorp/copywrite/cmd/report_prs.go:32.47,34.10 1 0
github.com/hashicorp/copywrite/cmd/report_prs.go:34.10,36.4 1 0
github.com/hashicorp/copywrite/cmd/report_prs.go:38.3,49.17 4 0
github.com/hashicorp/copywrite/cmd/report_prs.go:50.25,51.49 1 0
github.com/hashicorp/copywrite/cmd/report_prs.go:52.14,52.14 0 0
github.com/hashicorp/copywrite/cmd/report_prs.go:54.11,57.23 3 0
github.com/hashicorp/copywrite/cmd/report_prs.go:62.3,63.7 2 0
github.com/hashicorp/copywrite/cmd/report_prs.go:63.7,69.38 3 0
github.com/hashicorp/copywrite/cmd/report_prs.go:69.38,71.5 1 0
github.com/hashicorp/copywrite/cmd/report_prs.go:74.4,74.29 1 0
github.com/hashicorp/copywrite/cmd/report_prs.go:74.29,75.10 1 0
github.com/hashicorp/copywrite/cmd/report_prs.go:77.4,77.31 1 0
github.com/hashicorp/copywrite/cmd/report_prs.go:82.3,85.25 3 0
github.com/hashicorp/copywrite/cmd/report_prs.go:85.25,98.4 5 0
github.com/hashicorp/copywrite/cmd/report_prs.go:100.3,100.10 1 0
github.com/hashicorp/copywrite/cmd/report_prs.go:100.10,102.4 1 0
github.com/hashicorp/copywrite/cmd/report_prs.go:102.9,104.4 1 0
github.com/hashicorp/copywrite/cmd/report_prs.go:108.13,114.2 4 1
github.com/hashicorp/copywrite/cmd/report_repos.go:28.50,33.17 4 0
github.com/hashicorp/copywrite/cmd/report_repos.go:33.17,35.4 1 0
github.com/hashicorp/copywrite/cmd/report_repos.go:36.3,36.22 1 0
github.com/hashicorp/copywrite/cmd/report_repos.go:38.47,41.17 2 0
github.com/hashicorp/copywrite/cmd/report_repos.go:41.17,43.4 1 0
github.com/hashicorp/copywrite/cmd/report_repos.go:44.3,51.17 4 0
github.com/hashicorp/copywrite/cmd/report_repos.go:51.17,53.4 1 0
github.com/hashicorp/copywrite/cmd/report_repos.go:54.3,60.32 4 0
github.com/hashicorp/copywrite/cmd/report_repos.go:60.32,63.32 2 0
github.com/hashicorp/copywrite/cmd/report_repos.go:63.32,65.5 1 0
github.com/hashicorp/copywrite/cmd/report_repos.go:67.4,67.20 1 0
github.com/hashicorp/copywrite/cmd/report_repos.go:71.3,75.17 3 0
github.com/hashicorp/copywrite/cmd/report_repos.go:75.17,77.4 1 0
github.com/hashicorp/copywrite/cmd/report_repos.go:78.3,84.17 5 0
github.com/hashicorp/copywrite/cmd/report_repos.go:84.17,86.4 1 0
github.com/hashicorp/copywrite/cmd/report_repos.go:87.3,87.22 1 0
github.com/hashicorp/copywrite/cmd/report_repos.go:91.13,96.2 3 1
github.com/hashicorp/copywrite/cmd/root.go:45.16,47.16 2 0
github.com/hashicorp/copywrite/cmd/root.go:47.16,51.3 2 0
github.com/hashicorp/copywrite/cmd/root.go:54.13,68.2 5 1
github.com/hashicorp/copywrite/cmd/root.go:70.19,73.36 2 0
github.com/hashicorp/copywrite/cmd/root.go:73.36,75.3 1 0
github.com/hashicorp/copywrite/cmd/root.go:76.2,76.21 1 0
github.com/hashicorp/copywrite/cmd/root.go:79.19,85.38 2 0
github.com/hashicorp/copywrite/cmd/root.go:85.38,87.3 1 0
github.com/hashicorp/copywrite/cmd/root.go:92.2,93.14 2 0
github.com/hashicorp/copywrite/cmd/root.go:93.14,95.3 1 0
github.com/hashicorp/copywrite/cmd/root.go:97.2,103.4 2 0
github.com/hashicorp/copywrite/cmd/utils.go:25.26,27.2 1 1
github.com/hashicorp/copywrite/cmd/utils.go:34.49,54.2 10 0
github.com/hashicorp/copywrite/cmd/utils.go:56.45,58.22 2 0
github.com/hashicorp/copywrite/cmd/utils.go:58.22,60.3 1 0
github.com/hashicorp/copywrite/cmd/utils.go:61.2,61.12 1 0
github.com/hashicorp/copywrite/cmd/utils.go:75.54,76.22 1 1
github.com/hashicorp/copywrite/cmd/utils.go:76.22,78.3 1 1
github.com/hashicorp/copywrite/cmd/utils.go:79.2,80.27 2 1
github.com/hashicorp/copywrite/cmd/utils.go:80.27,82.3 1 1
github.com/hashicorp/copywrite/cmd/utils.go:83.2,84.31 2 1
github.com/hashicorp/copywrite/dispatch/dispatch.go:38.89,40.32 1 0
github.com/hashicorp/copywrite/dispatch/dispatch.go:40.32,42.3 1 0
github.com/hashicorp/copywrite/dispatch/dispatch.go:44.2,44.40 1 0
github.com/hashicorp/copywrite/dispatch/dispatch.go:44.40,49.17 4 0
github.com/hashicorp/copywrite/dispatch/dispatch.go:49.17,51.4 1 0
github.com/hashicorp/copywrite/dispatch/dispatch.go:53.3,53.23 1 0
github.com/hashicorp/copywrite/dispatch/dispatch.go:54.20,55.14 1 0
github.com/hashicorp/copywrite/dispatch/dispatch.go:56.17,56.17 0 0
github.com/hashicorp/copywrite/dispatch/dispatch.go:58.22,58.22 0 0
github.com/hashicorp/copywrite/dispatch/dispatch.go:60.11,61.94 1 0
github.com/hashicorp/copywrite/dispatch/dispatch.go:65.2,65.57 1 0
github.com/hashicorp/copywrite/dispatch/dispatch.go:76.95,83.40 2 0
github.com/hashicorp/copywrite/dispatch/dispatch.go:83.40,87.17 3 0
github.com/hashicorp/copywrite/dispatch/dispatch.go:87.17,90.4 1 0
github.com/hashicorp/copywrite/dispatch/dispatch.go:92.3,92.39 1 0
github.com/hashicorp/copywrite/dispatch/dispatch.go:92.39,93.26 1 0
github.com/hashicorp/copywrite/dispatch/dispatch.go:93.26,95.5 1 0
github.com/hashicorp/copywrite/dispatch/dispatch.go:98.3,98.68 1 0
github.com/hashicorp/copywrite/dispatch/dispatch.go:100.2,100.79 1 0
github.com/hashicorp/copywrite/dispatch/dispatch.go:110.101,111.25 1 0
github.com/hashicorp/copywrite/dispatch/dispatch.go:111.25,133.17 6 0
github.com/hashicorp/copywrite/dispatch/dispatch.go:133.17,140.12 3 0
github.com/hashicorp/copywrite/dispatch/dispatch.go:146.3,147.17 2 0
github.com/hashicorp/copywrite/dispatch/dispatch.go:147.17,154.12 3 0
github.com/hashicorp/copywrite/dispatch/dispatch.go:159.3,160.17 2 0
github.com/hashicorp/copywrite/dispatch/dispatch.go:160.17,167.12 3 0
github.com/hashicorp/copywrite/dispatch/dispatch.go:171.3,176.4 2 0
github.com/hashicorp/copywrite/github/client.go:40.41,42.2 1 0
github.com/hashicorp/copywrite/github/client.go:46.56,52.16 4 0
github.com/hashicorp/copywrite/github/client.go:52.16,54.3 1 0
github.com/hashicorp/copywrite/github/client.go:58.2,59.16 2 0
github.com/hashicorp/copywrite/github/client.go:59.16,61.3 1 0
github.com/hashicorp/copywrite/github/client.go:63.2,67.56 4 0
github.com/hashicorp/copywrite/github/client.go:67.56,69.3 1 0
github.com/hashicorp/copywrite/github/client.go:72.2,73.32 2 0
github.com/hashicorp/copywrite/github/client.go:79.55,87.16 4 0
github.com/hashicorp/copywrite/github/client.go:87.16,89.3 1 0
github.com/hashicorp/copywrite/github/client.go:100.2,101.16 2 0
github.com/hashicorp/copywrite/github/client.go:101.16,104.3 2 0
github.com/hashicorp/copywrite/github/client.go:107.2,108.17 2 0
github.com/hashicorp/copywrite/github/client.go:108.17,110.3 1 0
github.com/hashicorp/copywrite/github/client.go:112.2,113.18 2 0
github.com/hashicorp/copywrite/github/client.go:117.30,126.44 3 0
github.com/hashicorp/copywrite/github/client.go:126.44,128.17 2 0
github.com/hashicorp/copywrite/github/client.go:128.17,130.4 1 0
github.com/hashicorp/copywrite/github/client.go:132.3,134.31 3 0
github.com/hashicorp/copywrite/github/client.go:140.2,140.59 1 0
github.com/hashicorp/copywrite/github/client.go:140.59,148.3 4 0
github.com/hashicorp/copywrite/github/client.go:152.2,152.51 1 0
github.com/hashicorp/copywrite/github/client.go:152.51,160.3 4 0
github.com/hashicorp/copywrite/github/client.go:164.2,165.45 2 0
github.com/hashicorp/copywrite/github/repo.go:26.37,28.16 2 0
github.com/hashicorp/copywrite/github/repo.go:28.16,30.3 1 0
github.com/hashicorp/copywrite/github/repo.go:32.2,35.8 1 0
github.com/hashicorp/copywrite/github/repo.go:47.75,49.16 2 0
github.com/hashicorp/copywrite/github/repo.go:49.16,51.3 1 0
github.com/hashicorp/copywrite/github/repo.go:53.2,54.15 2 0
github.com/hashicorp/copywrite/github/repo.go:54.15,56.3 1 0
github.com/hashicorp/copywrite/github/repo.go:58.2,58.18 1 0
github.com/hashicorp/copywrite/config/config.go:82.29,94.16 5 1
github.com/hashicorp/copywrite/config/config.go:94.16,96.3 1 0
github.com/hashicorp/copywrite/config/config.go:98.2,98.15 1 1
github.com/hashicorp/copywrite/config/config.go:103.24,105.16 2 1
github.com/hashicorp/copywrite/config/config.go:105.16,106.13 1 0
github.com/hashicorp/copywrite/config/config.go:109.2,109.10 1 1
github.com/hashicorp/copywrite/config/config.go:123.63,125.16 2 1
github.com/hashicorp/copywrite/config/config.go:125.16,127.3 1 0
github.com/hashicorp/copywrite/config/config.go:130.2,131.16 2 1
github.com/hashicorp/copywrite/config/config.go:131.16,133.3 1 0
github.com/hashicorp/copywrite/config/config.go:135.2,135.12 1 1
github.com/hashicorp/copywrite/config/config.go:156.118,162.25 2 1
github.com/hashicorp/copywrite/config/config.go:162.25,164.3 1 1
github.com/hashicorp/copywrite/config/config.go:167.2,167.94 1 1
github.com/hashicorp/copywrite/config/config.go:167.94,175.3 3 1
github.com/hashicorp/copywrite/config/config.go:178.2,179.16 2 1
github.com/hashicorp/copywrite/config/config.go:179.16,181.3 1 0
github.com/hashicorp/copywrite/config/config.go:184.2,185.16 2 1
github.com/hashicorp/copywrite/config/config.go:185.16,187.3 1 0
github.com/hashicorp/copywrite/config/config.go:189.2,189.12 1 1
github.com/hashicorp/copywrite/config/config.go:202.55,204.16 2 1
github.com/hashicorp/copywrite/config/config.go:204.16,206.3 1 0
github.com/hashicorp/copywrite/config/config.go:207.2,210.40 2 1
github.com/hashicorp/copywrite/config/config.go:210.40,212.3 1 0
github.com/hashicorp/copywrite/config/config.go:215.2,216.16 2 1
github.com/hashicorp/copywrite/config/config.go:216.16,218.3 1 0
github.com/hashicorp/copywrite/config/config.go:221.2,222.16 2 1
github.com/hashicorp/copywrite/config/config.go:222.16,224.3 1 0
github.com/hashicorp/copywrite/config/config.go:226.2,226.12 1 1
github.com/hashicorp/copywrite/config/config.go:231.34,233.2 1 1
github.com/hashicorp/copywrite/config/config.go:237.41,239.2 1 1
github.com/hashicorp/copywrite/github/actions/core.go:54.30,58.2 2 1
github.com/hashicorp/copywrite/github/actions/core.go:61.30,63.2 1 1
github.com/hashicorp/copywrite/github/actions/core.go:66.43,68.2 1 0
github.com/hashicorp/copywrite/github/actions/core.go:71.35,73.2 1 0
github.com/hashicorp/copywrite/github/actions/core.go:77.41,78.18 1 1
github.com/hashicorp/copywrite/github/actions/core.go:78.18,81.3 2 1
github.com/hashicorp/copywrite/github/actions/core.go:83.2,84.18 2 1
github.com/hashicorp/copywrite/github/actions/core.go:89.28,90.18 1 1
github.com/hashicorp/copywrite/github/actions/core.go:90.18,92.3 1 1
github.com/hashicorp/copywrite/github/actions/core.go:94.2,94.29 1 1
github.com/hashicorp/copywrite/github/actions/core.go:99.53,102.2 2 1
github.com/hashicorp/copywrite/github/actions/core.go:106.58,109.2 2 1
github.com/hashicorp/copywrite/github/actions/core.go:113.53,115.2 1 1
github.com/hashicorp/copywrite/github/actions/core.go:122.71,124.29 2 1
github.com/hashicorp/copywrite/github/actions/core.go:124.29,126.3 1 1
github.com/hashicorp/copywrite/github/actions/core.go:129.2,129.19 1 1
github.com/hashicorp/copywrite/github/actions/core.go:129.19,131.3 1 1
github.com/hashicorp/copywrite/github/actions/core.go:134.2,134.39 1 1
github.com/hashicorp/copywrite/github/actions/core.go:134.39,136.3 1 1
github.com/hashicorp/copywrite/github/actions/core.go:139.2,140.16 2 1
github.com/hashicorp/copywrite/github/actions/core.go:140.16,142.3 1 0
github.com/hashicorp/copywrite/github/actions/core.go:144.2,147.16 3 1
github.com/hashicorp/copywrite/github/actions/core.go:147.16,149.3 1 0
github.com/hashicorp/copywrite/github/actions/core.go:151.2,151.12 1 1
github.com/hashicorp/copywrite/github/actions/core.go:158.38,158.72 1 1
github.com/hashicorp/copywrite/github/actions/core.go:164.39,164.74 1 1
github.com/hashicorp/copywrite/github/actions/core.go:170.37,170.70 1 1
github.com/hashicorp/copywrite/github/actions/core.go:178.55,179.18 1 1
github.com/hashicorp/copywrite/github/actions/core.go:179.18,181.3 1 1
github.com/hashicorp/copywrite/github/actions/core.go:184.2,185.19 2 1
github.com/hashicorp/copywrite/github/actions/core.go:185.19,187.3 1 1
github.com/hashicorp/copywrite/github/actions/core.go:188.2,188.18 1 1
github.com/hashicorp/copywrite/github/actions/core.go:188.18,190.3 1 1
github.com/hashicorp/copywrite/github/actions/core.go:191.2,191.17 1 1
github.com/hashicorp/copywrite/github/actions/core.go:191.17,193.3 1 1
github.com/hashicorp/copywrite/github/actions/core.go:194.2,194.20 1 1
github.com/hashicorp/copywrite/github/actions/core.go:194.20,196.3 1 1
github.com/hashicorp/copywrite/github/actions/core.go:201.2,202.18 2 1
github.com/hashicorp/copywrite/github/actions/core.go:206.43,208.2 1 1
github.com/hashicorp/copywrite/github/client.go:40.41,42.2 1 0
github.com/hashicorp/copywrite/github/client.go:46.56,52.16 4 0
github.com/hashicorp/copywrite/github/client.go:52.16,54.3 1 0
github.com/hashicorp/copywrite/github/client.go:58.2,59.16 2 0
github.com/hashicorp/copywrite/github/client.go:59.16,61.3 1 0
github.com/hashicorp/copywrite/github/client.go:63.2,67.56 4 0
github.com/hashicorp/copywrite/github/client.go:67.56,69.3 1 0
github.com/hashicorp/copywrite/github/client.go:72.2,73.32 2 0
github.com/hashicorp/copywrite/github/client.go:79.55,87.16 4 0
github.com/hashicorp/copywrite/github/client.go:87.16,89.3 1 0
github.com/hashicorp/copywrite/github/client.go:100.2,101.16 2 0
github.com/hashicorp/copywrite/github/client.go:101.16,104.3 2 0
github.com/hashicorp/copywrite/github/client.go:107.2,108.17 2 0
github.com/hashicorp/copywrite/github/client.go:108.17,110.3 1 0
github.com/hashicorp/copywrite/github/client.go:112.2,113.18 2 0
github.com/hashicorp/copywrite/github/client.go:117.30,126.44 3 0
github.com/hashicorp/copywrite/github/client.go:126.44,128.17 2 0
github.com/hashicorp/copywrite/github/client.go:128.17,130.4 1 0
github.com/hashicorp/copywrite/github/client.go:132.3,134.31 3 0
github.com/hashicorp/copywrite/github/client.go:140.2,140.59 1 0
github.com/hashicorp/copywrite/github/client.go:140.59,148.3 4 0
github.com/hashicorp/copywrite/github/client.go:152.2,152.51 1 0
github.com/hashicorp/copywrite/github/client.go:152.51,160.3 4 0
github.com/hashicorp/copywrite/github/client.go:164.2,165.45 2 0
github.com/hashicorp/copywrite/github/repo.go:26.37,28.16 2 0
github.com/hashicorp/copywrite/github/repo.go:28.16,30.3 1 0
github.com/hashicorp/copywrite/github/repo.go:32.2,35.8 1 0
github.com/hashicorp/copywrite/github/repo.go:47.75,49.16 2 0
github.com/hashicorp/copywrite/github/repo.go:49.16,51.3 1 0
github.com/hashicorp/copywrite/github/repo.go:53.2,54.15 2 0
github.com/hashicorp/copywrite/github/repo.go:54.15,56.3 1 0
github.com/hashicorp/copywrite/github/repo.go:58.2,58.18 1 0
github.com/hashicorp/copywrite/repodata/repodata.go:20.72,31.6 4 0
github.com/hashicorp/copywrite/repodata/repodata.go:31.6,33.17 2 0
github.com/hashicorp/copywrite/repodata/repodata.go:33.17,37.4 2 0
github.com/hashicorp/copywrite/repodata/repodata.go:40.3,43.28 2 0
github.com/hashicorp/copywrite/repodata/repodata.go:43.28,44.9 1 0
github.com/hashicorp/copywrite/repodata/repodata.go:46.3,46.30 1 0
github.com/hashicorp/copywrite/repodata/repodata.go:48.2,48.22 1 0
github.com/hashicorp/copywrite/repodata/repodata.go:52.67,53.54 1 1
github.com/hashicorp/copywrite/repodata/repodata.go:53.54,57.3 1 1
github.com/hashicorp/copywrite/repodata/repodata.go:58.2,58.36 1 1
github.com/hashicorp/copywrite/repodata/repodata.go:62.78,65.29 2 0
github.com/hashicorp/copywrite/repodata/repodata.go:65.29,69.17 3 0
github.com/hashicorp/copywrite/repodata/repodata.go:69.17,71.4 1 0
github.com/hashicorp/copywrite/repodata/repodata.go:74.3,74.42 1 0
github.com/hashicorp/copywrite/repodata/repodata.go:74.42,80.41 3 0
github.com/hashicorp/copywrite/repodata/repodata.go:80.41,81.38 1 0
github.com/hashicorp/copywrite/repodata/repodata.go:82.18,83.21 1 0
github.com/hashicorp/copywrite/repodata/repodata.go:84.26,85.25 1 0
github.com/hashicorp/copywrite/repodata/repodata.go:86.28,87.34 1 0
github.com/hashicorp/copywrite/repodata/repodata.go:88.13,88.13 0 0
github.com/hashicorp/copywrite/repodata/repodata.go:91.4,91.25 1 0
github.com/hashicorp/copywrite/repodata/repodata.go:93.3,93.45 1 0
github.com/hashicorp/copywrite/repodata/repodata.go:96.2,96.25 1 0
github.com/hashicorp/copywrite/repodata/repodata.go:100.59,103.24 2 1
github.com/hashicorp/copywrite/repodata/repodata.go:103.24,105.3 1 1
github.com/hashicorp/copywrite/repodata/repodata.go:108.2,111.16 4 1
github.com/hashicorp/copywrite/repodata/repodata.go:111.16,113.3 1 0
github.com/hashicorp/copywrite/repodata/repodata.go:115.2,115.31 1 1
github.com/hashicorp/copywrite/repodata/repodata.go:115.31,118.13 2 1
github.com/hashicorp/copywrite/repodata/repodata.go:118.13,121.4 2 1
github.com/hashicorp/copywrite/repodata/repodata.go:124.3,124.32 1 1
github.com/hashicorp/copywrite/repodata/repodata.go:125.16,125.16 0 1
github.com/hashicorp/copywrite/repodata/repodata.go:126.24,126.24 0 1
github.com/hashicorp/copywrite/repodata/repodata.go:127.26,127.26 0 1
github.com/hashicorp/copywrite/repodata/repodata.go:128.11,129.87 1 1
github.com/hashicorp/copywrite/repodata/repodata.go:133.2,133.20 1 1
github.com/hashicorp/copywrite/licensecheck/copyright.go:14.50,19.2 1 1
github.com/hashicorp/copywrite/licensecheck/copyright.go:23.105,25.16 2 1
github.com/hashicorp/copywrite/licensecheck/copyright.go:25.16,27.3 1 0
github.com/hashicorp/copywrite/licensecheck/copyright.go:30.2,31.16 2 1
github.com/hashicorp/copywrite/licensecheck/copyright.go:31.16,33.3 1 1
github.com/hashicorp/copywrite/licensecheck/copyright.go:35.2,37.20 3 1
github.com/hashicorp/copywrite/licensecheck/copyright.go:37.20,40.3 2 1
github.com/hashicorp/copywrite/licensecheck/copyright.go:41.2,41.46 1 1
github.com/hashicorp/copywrite/licensecheck/licensecheck.go:19.57,22.29 3 1
github.com/hashicorp/copywrite/licensecheck/licensecheck.go:22.29,25.17 3 1
github.com/hashicorp/copywrite/licensecheck/licensecheck.go:25.17,27.4 1 0
github.com/hashicorp/copywrite/licensecheck/licensecheck.go:28.8,30.3 1 1
github.com/hashicorp/copywrite/licensecheck/licensecheck.go:32.2,32.25 1 1
github.com/hashicorp/copywrite/licensecheck/licensecheck.go:37.54,39.16 2 0
github.com/hashicorp/copywrite/licensecheck/licensecheck.go:39.16,41.3 1 0
github.com/hashicorp/copywrite/licensecheck/licensecheck.go:42.2,43.40 2 0
github.com/hashicorp/copywrite/licensecheck/licensecheck.go:52.68,54.13 2 0
github.com/hashicorp/copywrite/licensecheck/licensecheck.go:54.13,57.3 2 0
github.com/hashicorp/copywrite/licensecheck/licensecheck.go:59.2,60.16 2 0
github.com/hashicorp/copywrite/licensecheck/licensecheck.go:60.16,62.3 1 0
github.com/hashicorp/copywrite/licensecheck/licensecheck.go:64.2,65.16 2 0
github.com/hashicorp/copywrite/licensecheck/licensecheck.go:65.16,67.3 1 0
github.com/hashicorp/copywrite/licensecheck/licensecheck.go:68.2,68.29 1 0
github.com/hashicorp/copywrite/licensecheck/licensecheck.go:72.57,76.16 2 1
github.com/hashicorp/copywrite/licensecheck/licensecheck.go:76.16,78.3 1 0
github.com/hashicorp/copywrite/licensecheck/licensecheck.go:81.2,83.57 2 1
github.com/hashicorp/copywrite/licensecheck/licensecheck.go:83.57,86.3 2 1
github.com/hashicorp/copywrite/licensecheck/licensecheck.go:88.2,88.21 1 1
