mode: set
github.com/hashicorp/errwrap/errwrap.go:37.37,42.2 1 1
github.com/hashicorp/errwrap/errwrap.go:52.44,54.16 2 1
github.com/hashicorp/errwrap/errwrap.go:54.16,56.3 1 1
github.com/hashicorp/errwrap/errwrap.go:58.2,61.25 2 1
github.com/hashicorp/errwrap/errwrap.go:67.43,69.2 1 0
github.com/hashicorp/errwrap/errwrap.go:74.50,76.2 1 0
github.com/hashicorp/errwrap/errwrap.go:79.39,81.17 2 0
github.com/hashicorp/errwrap/errwrap.go:81.17,83.3 1 0
github.com/hashicorp/errwrap/errwrap.go:85.2,85.12 1 0
github.com/hashicorp/errwrap/errwrap.go:89.46,91.17 2 0
github.com/hashicorp/errwrap/errwrap.go:91.17,93.3 1 0
github.com/hashicorp/errwrap/errwrap.go:95.2,95.12 1 0
github.com/hashicorp/errwrap/errwrap.go:101.44,104.28 2 1
github.com/hashicorp/errwrap/errwrap.go:104.28,105.25 1 1
github.com/hashicorp/errwrap/errwrap.go:105.25,107.4 1 1
github.com/hashicorp/errwrap/errwrap.go:110.2,110.15 1 1
github.com/hashicorp/errwrap/errwrap.go:116.51,120.14 3 1
github.com/hashicorp/errwrap/errwrap.go:120.14,122.3 1 1
github.com/hashicorp/errwrap/errwrap.go:123.2,123.28 1 1
github.com/hashicorp/errwrap/errwrap.go:123.28,125.17 2 1
github.com/hashicorp/errwrap/errwrap.go:125.17,127.4 1 1
github.com/hashicorp/errwrap/errwrap.go:129.3,129.23 1 1
github.com/hashicorp/errwrap/errwrap.go:129.23,131.4 1 1
github.com/hashicorp/errwrap/errwrap.go:134.2,134.15 1 1
github.com/hashicorp/errwrap/errwrap.go:141.35,142.16 1 1
github.com/hashicorp/errwrap/errwrap.go:142.16,144.3 1 1
github.com/hashicorp/errwrap/errwrap.go:146.2,146.25 1 1
github.com/hashicorp/errwrap/errwrap.go:147.21,149.20 2 1
github.com/hashicorp/errwrap/errwrap.go:150.15,153.41 2 0
github.com/hashicorp/errwrap/errwrap.go:153.41,155.4 1 0
github.com/hashicorp/errwrap/errwrap.go:156.35,158.23 2 1
github.com/hashicorp/errwrap/errwrap.go:159.10,160.10 1 1
github.com/hashicorp/errwrap/errwrap.go:171.39,173.2 1 1
github.com/hashicorp/errwrap/errwrap.go:175.48,177.2 1 0
github.com/hashicorp/errwrap/errwrap.go:179.39,181.2 1 1
