mode: set
github.com/hashicorp/dbassert/gorm/assert.go:21.72,35.2 5 1
github.com/hashicorp/dbassert/gorm/assert.go:38.42,40.2 1 0
github.com/hashicorp/dbassert/gorm/field.go:18.77,19.50 1 1
github.com/hashicorp/dbassert/gorm/field.go:19.50,21.3 1 0
github.com/hashicorp/dbassert/gorm/field.go:22.2,23.52 2 1
github.com/hashicorp/dbassert/gorm/field.go:23.52,26.3 2 0
github.com/hashicorp/dbassert/gorm/field.go:27.2,28.16 2 1
github.com/hashicorp/dbassert/gorm/field.go:28.16,31.3 2 1
github.com/hashicorp/dbassert/gorm/field.go:32.2,34.76 3 1
github.com/hashicorp/dbassert/gorm/field.go:34.76,35.45 1 1
github.com/hashicorp/dbassert/gorm/field.go:35.45,38.4 2 1
github.com/hashicorp/dbassert/gorm/field.go:39.3,40.15 2 0
github.com/hashicorp/dbassert/gorm/field.go:42.2,42.13 1 1
github.com/hashicorp/dbassert/gorm/field.go:42.13,44.3 1 0
github.com/hashicorp/dbassert/gorm/field.go:45.2,45.13 1 1
github.com/hashicorp/dbassert/gorm/field.go:49.78,50.50 1 1
github.com/hashicorp/dbassert/gorm/field.go:50.50,52.3 1 0
github.com/hashicorp/dbassert/gorm/field.go:53.2,54.52 2 1
github.com/hashicorp/dbassert/gorm/field.go:54.52,57.3 2 0
github.com/hashicorp/dbassert/gorm/field.go:58.2,59.16 2 1
github.com/hashicorp/dbassert/gorm/field.go:59.16,62.3 2 1
github.com/hashicorp/dbassert/gorm/field.go:63.2,64.65 2 1
github.com/hashicorp/dbassert/gorm/field.go:64.65,65.45 1 1
github.com/hashicorp/dbassert/gorm/field.go:65.45,67.4 1 1
github.com/hashicorp/dbassert/gorm/field.go:68.3,69.15 2 1
github.com/hashicorp/dbassert/gorm/field.go:71.2,71.13 1 1
github.com/hashicorp/dbassert/gorm/field.go:75.79,76.50 1 1
github.com/hashicorp/dbassert/gorm/field.go:76.50,78.3 1 0
github.com/hashicorp/dbassert/gorm/field.go:79.2,80.16 2 1
github.com/hashicorp/dbassert/gorm/field.go:80.16,83.3 2 1
github.com/hashicorp/dbassert/gorm/field.go:84.2,84.65 1 1
github.com/hashicorp/dbassert/gorm/field.go:89.89,90.50 1 1
github.com/hashicorp/dbassert/gorm/field.go:90.50,92.3 1 0
github.com/hashicorp/dbassert/gorm/field.go:93.2,94.16 2 1
github.com/hashicorp/dbassert/gorm/field.go:94.16,97.3 2 1
github.com/hashicorp/dbassert/gorm/field.go:98.2,98.75 1 1
github.com/hashicorp/dbassert/gorm/field.go:101.55,103.2 1 1
github.com/hashicorp/dbassert/gorm/field.go:107.87,108.57 1 1
github.com/hashicorp/dbassert/gorm/field.go:108.57,109.43 1 1
github.com/hashicorp/dbassert/gorm/field.go:109.43,111.4 1 1
github.com/hashicorp/dbassert/gorm/field.go:113.2,113.60 1 1
github.com/hashicorp/dbassert/gorm/field.go:116.59,119.46 3 1
github.com/hashicorp/dbassert/gorm/field.go:119.46,121.55 2 1
github.com/hashicorp/dbassert/gorm/field.go:121.55,124.4 2 0
github.com/hashicorp/dbassert/gorm/field.go:126.2,126.25 1 1
github.com/hashicorp/dbassert/gorm/testing.go:23.38,23.71 1 1
github.com/hashicorp/dbassert/gorm/testing.go:26.99,37.2 6 1
github.com/hashicorp/dbassert/assert.go:25.61,26.14 1 1
github.com/hashicorp/dbassert/assert.go:26.14,27.24 1 1
github.com/hashicorp/dbassert/assert.go:29.2,29.41 1 1
github.com/hashicorp/dbassert/assert.go:29.41,31.3 1 1
github.com/hashicorp/dbassert/assert.go:32.2,32.56 1 1
github.com/hashicorp/dbassert/assert.go:32.56,34.3 1 0
github.com/hashicorp/dbassert/assert.go:35.2,35.17 1 1
github.com/hashicorp/dbassert/assert.go:36.18,36.18 0 1
github.com/hashicorp/dbassert/assert.go:37.10,39.13 2 1
github.com/hashicorp/dbassert/assert.go:41.2,45.3 1 1
github.com/hashicorp/dbassert/assert.go:59.32,60.14 1 1
github.com/hashicorp/dbassert/assert.go:60.14,62.3 1 1
github.com/hashicorp/dbassert/assert.go:63.2,63.34 1 1
github.com/hashicorp/dbassert/assert.go:64.76,65.36 1 1
github.com/hashicorp/dbassert/assert.go:67.2,67.14 1 0
github.com/hashicorp/dbassert/column.go:35.62,36.32 1 1
github.com/hashicorp/dbassert/column.go:36.32,38.3 1 0
github.com/hashicorp/dbassert/column.go:39.2,40.16 2 1
github.com/hashicorp/dbassert/column.go:40.16,43.3 2 1
github.com/hashicorp/dbassert/column.go:44.2,44.25 1 1
github.com/hashicorp/dbassert/column.go:44.25,46.3 1 1
github.com/hashicorp/dbassert/column.go:47.2,48.14 2 1
github.com/hashicorp/dbassert/column.go:52.72,53.32 1 1
github.com/hashicorp/dbassert/column.go:53.32,55.3 1 0
github.com/hashicorp/dbassert/column.go:56.2,57.16 2 1
github.com/hashicorp/dbassert/column.go:57.16,60.3 2 1
github.com/hashicorp/dbassert/column.go:61.2,61.56 1 1
github.com/hashicorp/dbassert/column.go:61.56,63.3 1 1
github.com/hashicorp/dbassert/column.go:64.2,65.14 2 1
github.com/hashicorp/dbassert/column.go:69.47,70.32 1 1
github.com/hashicorp/dbassert/column.go:70.32,72.3 1 0
github.com/hashicorp/dbassert/column.go:73.2,74.16 2 1
github.com/hashicorp/dbassert/column.go:74.16,77.3 2 1
github.com/hashicorp/dbassert/column.go:78.2,78.20 1 1
github.com/hashicorp/dbassert/column.go:78.20,81.3 2 1
github.com/hashicorp/dbassert/column.go:82.2,82.13 1 1
github.com/hashicorp/dbassert/column.go:85.86,86.32 1 1
github.com/hashicorp/dbassert/column.go:86.32,88.3 1 0
github.com/hashicorp/dbassert/column.go:89.2,103.106 5 1
github.com/hashicorp/dbassert/column.go:103.106,105.3 1 1
github.com/hashicorp/dbassert/column.go:107.2,108.28 2 1
github.com/hashicorp/dbassert/column.go:108.28,110.3 1 1
github.com/hashicorp/dbassert/column.go:111.2,118.8 1 1
github.com/hashicorp/dbassert/column.go:122.50,123.18 1 1
github.com/hashicorp/dbassert/column.go:123.18,125.3 1 1
github.com/hashicorp/dbassert/column.go:126.2,126.21 1 1
github.com/hashicorp/dbassert/docker.go:16.13,18.2 1 1
github.com/hashicorp/dbassert/docker.go:21.107,23.16 2 1
github.com/hashicorp/dbassert/docker.go:23.16,24.23 1 0
github.com/hashicorp/dbassert/docker.go:24.23,24.37 1 0
github.com/hashicorp/dbassert/docker.go:27.2,29.17 3 1
github.com/hashicorp/dbassert/docker.go:30.18,32.66 2 1
github.com/hashicorp/dbassert/docker.go:33.10,34.52 1 0
github.com/hashicorp/dbassert/docker.go:36.2,36.16 1 1
github.com/hashicorp/dbassert/docker.go:36.16,37.23 1 0
github.com/hashicorp/dbassert/docker.go:37.23,37.37 1 0
github.com/hashicorp/dbassert/docker.go:40.2,40.25 1 1
github.com/hashicorp/dbassert/docker.go:40.25,42.3 1 1
github.com/hashicorp/dbassert/docker.go:44.2,46.36 2 1
github.com/hashicorp/dbassert/docker.go:46.36,48.17 2 1
github.com/hashicorp/dbassert/docker.go:48.17,50.4 1 0
github.com/hashicorp/dbassert/docker.go:52.3,52.35 1 1
github.com/hashicorp/dbassert/docker.go:52.35,54.4 1 1
github.com/hashicorp/dbassert/docker.go:55.3,56.13 2 1
github.com/hashicorp/dbassert/docker.go:57.17,58.23 1 0
github.com/hashicorp/dbassert/docker.go:58.23,58.37 1 0
github.com/hashicorp/dbassert/docker.go:61.2,61.51 1 1
github.com/hashicorp/dbassert/docker.go:65.88,67.26 2 1
github.com/hashicorp/dbassert/docker.go:67.26,69.17 2 1
github.com/hashicorp/dbassert/docker.go:69.17,71.4 1 1
github.com/hashicorp/dbassert/docker.go:73.2,73.56 1 0
github.com/hashicorp/dbassert/docker.go:73.56,75.3 1 0
github.com/hashicorp/dbassert/docker.go:76.2,76.65 1 0
github.com/hashicorp/dbassert/testing.go:28.39,30.2 1 1
github.com/hashicorp/dbassert/testing.go:34.41,36.2 1 0
github.com/hashicorp/dbassert/testing.go:39.66,42.2 2 1
github.com/hashicorp/dbassert/testing.go:45.33,47.2 1 1
github.com/hashicorp/dbassert/testing.go:50.31,53.2 2 1
github.com/hashicorp/dbassert/testing.go:56.51,58.18 2 1
github.com/hashicorp/dbassert/testing.go:58.18,60.3 1 0
github.com/hashicorp/dbassert/testing.go:64.49,66.19 2 1
github.com/hashicorp/dbassert/testing.go:66.19,68.3 1 0
github.com/hashicorp/dbassert/testing.go:73.78,75.16 2 1
github.com/hashicorp/dbassert/testing.go:75.16,77.3 1 0
github.com/hashicorp/dbassert/testing.go:78.2,79.16 2 1
github.com/hashicorp/dbassert/testing.go:79.16,81.3 1 0
github.com/hashicorp/dbassert/testing.go:82.2,82.41 1 1
github.com/hashicorp/dbassert/testing.go:82.41,84.3 1 0
github.com/hashicorp/dbassert/testing.go:85.2,85.25 1 1
github.com/hashicorp/dbassert/testing.go:88.48,109.53 2 1
github.com/hashicorp/dbassert/testing.go:109.53,111.3 1 0
github.com/hashicorp/dbassert/testing.go:112.2,112.48 1 1
github.com/hashicorp/dbassert/testing.go:112.48,114.3 1 0
github.com/hashicorp/dbassert/testing.go:115.2,115.12 1 1
github.com/hashicorp/dbassert/testing.go:118.79,120.2 1 0
